Lockfile is up to date, resolution step is skipped
Progress: resolved 1, reused 0, downloaded 0, added 0
Packages: +797
++++++++++++++++++++++++++++++++++++++++++++++++++++++++++++++++++++++++++++++++

   ╭──────────────────────────────────────────╮
   │                                          │
   │   Update available! 10.28.0 → 10.30.1.   │
   │   Changelog: https://pnpm.io/v/10.30.1   │
   │     To update, run: pnpm add -g pnpm     │
   │                                          │
   ╰──────────────────────────────────────────╯

Progress: resolved 797, reused 0, downloaded 13, added 0
Progress: resolved 797, reused 0, downloaded 123, added 98
Progress: resolved 797, reused 0, downloaded 153, added 112
Progress: resolved 797, reused 0, downloaded 165, added 116
Progress: resolved 797, reused 0, downloaded 178, added 120
Progress: resolved 797, reused 0, downloaded 179, added 120
Progress: resolved 797, reused 0, downloaded 225, added 144
Progress: resolved 797, reused 0, downloaded 231, added 145
Progress: resolved 797, reused 0, downloaded 279, added 165
Progress: resolved 797, reused 0, downloaded 302, added 173
Progress: resolved 797, reused 0, downloaded 359, added 210
Progress: resolved 797, reused 0, downloaded 543, added 350
Progress: resolved 797, reused 0, downloaded 732, added 598
Progress: resolved 797, reused 0, downloaded 796, added 796
Progress: resolved 797, reused 0, downloaded 797, added 796
Progress: resolved 797, reused 0, downloaded 797, added 797, done

dependencies:
+ @dnd-kit/core 6.3.1
+ @dnd-kit/sortable 10.0.0
+ @dnd-kit/utilities 3.2.2
+ @hello-pangea/dnd 18.0.1
+ @hookform/resolvers 5.2.2
+ @radix-ui/react-accordion 1.2.12
+ @radix-ui/react-alert-dialog 1.1.15
+ @radix-ui/react-avatar 1.1.11
+ @radix-ui/react-checkbox 1.3.3
+ @radix-ui/react-collapsible 1.1.12
+ @radix-ui/react-dialog 1.1.15
+ @radix-ui/react-dropdown-menu 2.1.16
+ @radix-ui/react-label 2.1.8
+ @radix-ui/react-popover 1.1.15
+ @radix-ui/react-progress 1.1.8
+ @radix-ui/react-radio-group 1.3.8
+ @radix-ui/react-scroll-area 1.2.10
+ @radix-ui/react-select 2.2.6
+ @radix-ui/react-separator 1.1.8
+ @radix-ui/react-slider 1.3.6
+ @radix-ui/react-slot 1.2.4
+ @radix-ui/react-switch 1.2.6
+ @radix-ui/react-tabs 1.1.13
+ @radix-ui/react-tooltip 1.2.8
+ @tabler/icons-react 3.35.0
+ @tanstack/react-query 5.90.12
+ @tanstack/react-query-devtools 5.91.1
+ @tiptap/extension-blockquote 2.27.1
+ @tiptap/extension-bubble-menu 3.13.0
+ @tiptap/extension-code-block 2.27.1
+ @tiptap/extension-color 2.27.1
+ @tiptap/extension-floating-menu 3.13.0
+ @tiptap/extension-image 2.27.1
+ @tiptap/extension-link 2.27.1
+ @tiptap/extension-strike 2.27.1
+ @tiptap/extension-subscript 2.27.1
+ @tiptap/extension-superscript 2.27.1
+ @tiptap/extension-text-align 2.27.1
+ @tiptap/extension-text-style 2.27.1
+ @tiptap/extension-underline 2.27.1
+ @tiptap/pm 2.27.1
+ @tiptap/react 2.27.1
+ @tiptap/starter-kit 2.27.1
+ @vercel/analytics 1.6.1
+ axios 1.13.2
+ class-variance-authority 0.7.1
+ clsx 2.1.1
+ cmdk 1.1.1
+ critters 0.0.25
+ crypto-js 4.2.0
+ date-fns 4.1.0
+ dompurify 3.3.0
+ embla-carousel-react 8.6.0
+ framer-motion 12.23.25
+ isomorphic-dompurify 2.35.0
+ jose 6.1.3
+ jsdom 27.4.0
+ jsonwebtoken 9.0.3
+ jwt-decode 4.0.0
+ lucide-react 0.539.0
+ next 16.0.7
+ next-auth 4.24.13
+ next-share 0.27.0
+ nprogress 0.2.0
+ rc-slider 11.1.9
+ react 19.1.0
+ react-beautiful-dnd 13.1.1
+ react-dnd 16.0.1
+ react-dnd-html5-backend 16.0.1
+ react-dom 19.1.0
+ react-dropzone 14.3.8
+ react-hook-form 7.68.0
+ react-icons 5.5.0
+ sanitize-html 2.17.0
+ sonner 2.0.7
+ tailwind-merge 3.4.0
+ use-debounce 10.0.6
+ zod 4.1.13

devDependencies:
+ @commitlint/cli 19.8.1
+ @commitlint/config-conventional 19.8.1
+ @eslint/eslintrc 3.3.3
+ @tailwindcss/postcss 4.1.17
+ @types/crypto-js 4.2.2
+ @types/node 20.19.25
+ @types/nprogress 0.2.3
+ @types/react 19.2.7
+ @types/react-beautiful-dnd 13.1.8
+ @types/react-dnd 3.0.2
+ @types/react-dnd-html5-backend 3.0.2
+ @types/react-dom 19.2.3
+ @types/sanitize-html 2.16.0
+ baseline-browser-mapping 2.9.19
+ commitizen 4.3.1
+ cz-conventional-changelog 3.3.0
+ eslint 9.39.1
+ eslint-config-next 15.4.6
+ eslint-config-prettier 10.1.8
+ eslint-plugin-prettier 5.5.4
+ husky 9.1.7
+ postcss 8.5.6
+ prettier 3.7.4
+ prettier-plugin-tailwindcss 0.6.14
+ tailwindcss 4.1.17
+ tw-animate-css 1.4.0
+ typescript 5.9.3


> nepdora@0.1.0 prepare /app
> husky

╭ Warning ─────────────────────────────────────────────────────────────────────╮
│                                                                              │
│   Ignored build scripts: sharp@0.34.5, unrs-resolver@1.11.1.                 │
│   Run "pnpm approve-builds" to pick which dependencies should be allowed     │
│   to run scripts.                                                            │
│                                                                              │
╰──────────────────────────────────────────────────────────────────────────────╯
Done in 20.2s using pnpm v10.28.0
